<?xml version="1.0" encoding="UTF-8"?>
<beans xmlns="http://www.springframework.org/schema/beans"
       xmlns:xsi="http://www.w3.org/2001/XMLSchema-instance"
       xsi:schemaLocation="http://www.springframework.org/schema/beans http://www.springframework.org/schema/beans/spring-beans.xsd">

    <bean class="org.springframework.beans.factory.config.PropertyPlaceholderConfigurer">
        <property name="ignoreResourceNotFound" value="false"/>
        <property name="locations">
            <list>
                <value>classpath:/com/isaac/conversationplatform/common.properties</value>
            </list>
        </property>
    </bean>
    <bean id="hikariConfig" class="com.zaxxer.hikari.HikariConfig">
        <property name="poolName" value="springHikariCP"/>
        <property name="connectionTestQuery" value="SELECT 1"/>
        <!--<property name="dataSourceClassName" value=""-->
        <!--<property name="maximumPoolSize" value=""-->
        <!--<property name="idleTimeout" value=""-->
        <property name="dataSourceProperties">
            <props>
                <prop key="jdbcUrl">${test.db.url}</prop>
                <prop key="username">${test.db.username}</prop>
                <prop key="password">${test.db.password}</prop>
            </props>
        </property>
    </bean>
    <bean id="dataSource" class="com.zaxxer.hikari.HikariDataSource" destroy-method="close">
        <constructor-arg ref="hikariConfig"/>
    </bean>
    <bean id="entityManagerFactoryBean" class="org.springframework.orm.jpa.LocalContainerEntityManagerFactoryBean">
        <property name="dataSource" ref="dataSource"/>
        <property name="jpaProperties">
            <props>
                <prop key="hibernate.dialect">${hibernate.dialect}</prop>
                <prop key="hibernate.hbm2ddl.auto">${hibernate.hbm2ddl.auto}</prop>
                <prop key="hibernate.ejb.naming_strategy">${hibernate.ejb.naming_strategy}</prop>
                <prop key="hibernate.show_sql">${hibernate.show_sql}</prop>
                <prop key="hibernate.format_sql">${hibernate.format_sql}</prop>
                <!--<prop key="hib">${}</prop>-->
                <!--<prop key="hib">${}</prop>-->
            </props>
        </property>
    </bean>
    <bean id="transactionManager" class="org.springframework.orm.jpa.JpaTransactionManager">
        <property name="entityManagerFactory" ref="entityManagerFactoryBean"/>
    </bean>
</beans>